android studio/simpleTests/DataBindingTest/app/build/intermediates/manifest_merge_blame_file/debug/manifest-merger-blame-debug-report.txt
1<?xml version="1.0" encoding="utf-8"?>
2<manifest xmlns:android="http://schemas.android.com/apk/res/android"
3    package="info.fandroid.databindingsample"
4    android:versionCode="1"
5    android:versionName="1.0" >
6
7    <uses-sdk
8        android:minSdkVersion="21"
9        android:targetSdkVersion="28" />
10
11    <application
11-->src/main/AndroidManifest.xml:4:5-18:19
12        android:allowBackup="true"
12-->src/main/AndroidManifest.xml:5:13-39
13        android:appComponentFactory="androidx.core.app.CoreComponentFactory"
13-->[androidx.core:core:1.0.1] AndroidManifest.xml:22:18-86
14        android:debuggable="true"
15        android:extractNativeLibs="true"
16        android:icon="@mipmap/ic_launcher"
16-->src/main/AndroidManifest.xml:6:13-47
17        android:label="@string/app_name"
17-->src/main/AndroidManifest.xml:7:13-45
18        android:roundIcon="@mipmap/ic_launcher_round"
18-->src/main/AndroidManifest.xml:8:13-58
19        android:supportsRtl="true"
19-->src/main/AndroidManifest.xml:9:13-39
20        android:testOnly="true"
21        android:theme="@style/AppTheme" >
21-->src/main/AndroidManifest.xml:10:13-44
22        <activity android:name="info.fandroid.databindingsample.ui.MainActivity" >
22-->src/main/AndroidManifest.xml:11:9-17:20
22-->src/main/AndroidManifest.xml:11:19-50
23            <intent-filter>
23-->src/main/AndroidManifest.xml:12:13-16:29
24                <action android:name="android.intent.action.MAIN" />
24-->src/main/AndroidManifest.xml:13:17-68
24-->src/main/AndroidManifest.xml:13:25-66
25
26                <category android:name="android.intent.category.LAUNCHER" />
26-->src/main/AndroidManifest.xml:15:17-76
26-->src/main/AndroidManifest.xml:15:27-74
27            </intent-filter>
28        </activity>
29
30        <provider
30-->[androidx.lifecycle:lifecycle-process:2.6.1] AndroidManifest.xml:24:9-32:20
31            android:name="androidx.startup.InitializationProvider"
31-->[androidx.lifecycle:lifecycle-process:2.6.1] AndroidManifest.xml:25:13-67
32            android:authorities="info.fandroid.databindingsample.androidx-startup"
32-->[androidx.lifecycle:lifecycle-process:2.6.1] AndroidManifest.xml:26:13-68
33            android:exported="false" >
33-->[androidx.lifecycle:lifecycle-process:2.6.1] AndroidManifest.xml:27:13-37
34            <meta-data
34-->[androidx.lifecycle:lifecycle-process:2.6.1] AndroidManifest.xml:29:13-31:52
35                android:name="androidx.lifecycle.ProcessLifecycleInitializer"
35-->[androidx.lifecycle:lifecycle-process:2.6.1] AndroidManifest.xml:30:17-78
36                android:value="androidx.startup" />
36-->[androidx.lifecycle:lifecycle-process:2.6.1] AndroidManifest.xml:31:17-49
37            <meta-data
37-->[androidx.profileinstaller:profileinstaller:1.3.0] AndroidManifest.xml:29:13-31:52
38                android:name="androidx.profileinstaller.ProfileInstallerInitializer"
38-->[androidx.profileinstaller:profileinstaller:1.3.0] AndroidManifest.xml:30:17-85
39                android:value="androidx.startup" />
39-->[androidx.profileinstaller:profileinstaller:1.3.0] AndroidManifest.xml:31:17-49
40        </provider>
41
42        <receiver
42-->[androidx.profileinstaller:profileinstaller:1.3.0] AndroidManifest.xml:34:9-52:20
43            android:name="androidx.profileinstaller.ProfileInstallReceiver"
43-->[androidx.profileinstaller:profileinstaller:1.3.0] AndroidManifest.xml:35:13-76
44            android:directBootAware="false"
44-->[androidx.profileinstaller:profileinstaller:1.3.0] AndroidManifest.xml:36:13-44
45            android:enabled="true"
45-->[androidx.profileinstaller:profileinstaller:1.3.0] AndroidManifest.xml:37:13-35
46            android:exported="true"
46-->[androidx.profileinstaller:profileinstaller:1.3.0] AndroidManifest.xml:38:13-36
47            android:permission="android.permission.DUMP" >
47-->[androidx.profileinstaller:profileinstaller:1.3.0] AndroidManifest.xml:39:13-57
48            <intent-filter>
48-->[androidx.profileinstaller:profileinstaller:1.3.0] AndroidManifest.xml:40:13-42:29
49                <action android:name="androidx.profileinstaller.action.INSTALL_PROFILE" />
49-->[androidx.profileinstaller:profileinstaller:1.3.0] AndroidManifest.xml:41:17-91
49-->[androidx.profileinstaller:profileinstaller:1.3.0] AndroidManifest.xml:41:25-88
50            </intent-filter>
51            <intent-filter>
51-->[androidx.profileinstaller:profileinstaller:1.3.0] AndroidManifest.xml:43:13-45:29
52                <action android:name="androidx.profileinstaller.action.SKIP_FILE" />
52-->[androidx.profileinstaller:profileinstaller:1.3.0] AndroidManifest.xml:44:17-85
52-->[androidx.profileinstaller:profileinstaller:1.3.0] AndroidManifest.xml:44:25-82
53            </intent-filter>
54            <intent-filter>
54-->[androidx.profileinstaller:profileinstaller:1.3.0] AndroidManifest.xml:46:13-48:29
55                <action android:name="androidx.profileinstaller.action.SAVE_PROFILE" />
55-->[androidx.profileinstaller:profileinstaller:1.3.0] AndroidManifest.xml:47:17-88
55-->[androidx.profileinstaller:profileinstaller:1.3.0] AndroidManifest.xml:47:25-85
56            </intent-filter>
57            <intent-filter>
57-->[androidx.profileinstaller:profileinstaller:1.3.0] AndroidManifest.xml:49:13-51:29
58                <action android:name="androidx.profileinstaller.action.BENCHMARK_OPERATION" />
58-->[androidx.profileinstaller:profileinstaller:1.3.0] AndroidManifest.xml:50:17-95
58-->[androidx.profileinstaller:profileinstaller:1.3.0] AndroidManifest.xml:50:25-92
59            </intent-filter>
60        </receiver>
61    </application>
62
63</manifest>